Arguments: 
  /usr/local/bin/node /usr/local/bin/yarn install gulp

PATH: 
  /usr/local/bin:/usr/bin:/bin:/usr/sbin:/sbin:/usr/local/share/dotnet:/Library/Frameworks/Mono.framework/Versions/Current/Commands:/Applications/Xamarin Workbooks.app/Contents/SharedSupport/path-bin

Yarn version: 
  1.5.1

Node version: 
  8.10.0

Platform: 
  darwin x64

npm manifest: 
  {
    "name": "install-node",
    "version": "0.0.0",
    "description": "Install node into node_modules",
    "bin": {
      "install-node": "bin/run.js"
    },
    "files": [
      "bin",
      "lib"
    ],
    "preferGlobal": true,
    "scripts": {
      "test": "egg-bin test",
      "lint": "eslint . --ext js --fix",
      "ci": "npm run lint && egg-bin cov",
      "autod": "autod -w --prefix='^'"
    },
    "repository": {
      "type": "git",
      "url": "git+https://github.com/node-modules/install-node.git"
    },
    "keywords": [
      "install-node"
    ],
    "author": "fengmk2",
    "license": "MIT",
    "bugs": {
      "url": "https://github.com/node-modules/install-node/issues"
    },
    "homepage": "https://github.com/node-modules/install-node#readme",
    "engines": {
      "node": ">= 4.0.0"
    },
    "ci": {
      "version": "4, 6"
    },
    "dependencies": {
      "common-bin": "^1.0.0"
    },
    "devDependencies": {
      "autod": "^2.7.1",
      "egg-bin": "^1.3.0",
      "egg-ci": "^1.0.3",
      "eslint": "^3.3.1",
      "eslint-config-egg": "^3.1.0"
    },
    "main": "gulp.js"
  }

yarn manifest: 
  No manifest

Lockfile: 
  No lockfile

Trace: 
  Error: `install` has been replaced with `add` to add new dependencies. Run "yarn add gulp" instead.
      at new MessageError (/usr/local/lib/node_modules/yarn/lib/cli.js:186:110)
      at Object.<anonymous> (/usr/local/lib/node_modules/yarn/lib/cli.js:21987:13)
      at Generator.next (<anonymous>)
      at step (/usr/local/lib/node_modules/yarn/lib/cli.js:98:30)
      at /usr/local/lib/node_modules/yarn/lib/cli.js:109:13
      at <anonymous>
